commit f5389d543f3ba077051ac07774d6a6108e486530
Merge: 21b5d64 05fc985
Author: Adolfo <muller.adolfo@gmail.com>
Date:   Thu Apr 21 21:50:53 2016 -0500

    Merge branch 'project3dev' of https://github.com/talamas/cs373-idb into project3dev

commit 21b5d6456f9b051aab049bba3d3fb6fcf0db91cc
Author: Adolfo <muller.adolfo@gmail.com>
Date:   Thu Apr 21 21:50:45 2016 -0500

     changed search

commit 05fc98581537c2f42287a46906efc12581b4f468
Author: Lincoln Turner <lincoln.turner@utexas.edu>
Date:   Thu Apr 21 21:47:18 2016 -0500

    updated about page and makefile

commit ecf7f043fdb747dbe3b31591af1bc55c594676a0
Merge: 550edf3 69ca5b1
Author: getzchris <getzchris@ymail.com>
Date:   Thu Apr 21 21:44:09 2016 -0500

    Merge branch 'project3dev' of https://github.com/talamas/cs373-idb into project3dev

commit 550edf38d7fd27e71bcf1e7aa3ff0bf3c622f9d3
Author: getzchris <getzchris@ymail.com>
Date:   Thu Apr 21 21:43:45 2016 -0500

    updated UML

commit 69ca5b12996bc452113a4be3122f22853661212c
Merge: 2c01d4c a059e73
Author: David Talamas Cano <talamas@cs.utexas.edu>
Date:   Thu Apr 21 21:43:16 2016 -0500

    Merge branch 'project3dev' of https://github.com/talamas/cs373-idb into project3dev

commit a059e7392023af60c012d55493f619b0b0eefe93
Author: Lincoln Turner <lincoln.turner@utexas.edu>
Date:   Thu Apr 21 21:41:57 2016 -0500

    updating log files to turn in

commit 2c01d4c2127678ffbce1c33ddd8553d7bb169dd3
Author: David Talamas Cano <talamas@cs.utexas.edu>
Date:   Thu Apr 21 21:41:46 2016 -0500

    working

commit 15103ee39a01fbdffdb95edd9682a9f3cc5eb792
Author: Lincoln Turner <lincoln.turner@utexas.edu>
Date:   Thu Apr 21 21:33:31 2016 -0500

    updated backend for new most expensive car property

commit 7d41d6fd9580f5067461610ce3e5e89d93620897
Author: David Talamas Cano <talamas@cs.utexas.edu>
Date:   Thu Apr 21 21:26:55 2016 -0500

    fixed sorting for engines

commit 974afff8cfda2bc22d6296963ab0b221bbbea1d6
Author: Adolfo <muller.adolfo@gmail.com>
Date:   Thu Apr 21 21:23:43 2016 -0500

    added max_car

commit c7c63b578a9422936578f3444ffa4447be8d474b
Merge: 973b850 257a5f8
Author: Adolfo <muller.adolfo@gmail.com>
Date:   Thu Apr 21 21:20:42 2016 -0500

    Merge branch 'project3dev' of https://github.com/talamas/cs373-idb into project3dev

commit 973b850268120751968d6775c26530c76f5515f0
Author: Adolfo <muller.adolfo@gmail.com>
Date:   Thu Apr 21 21:19:59 2016 -0500

    added max car name

commit 257a5f8cdc97da82973adbaa828a5d514b0bffdb
Author: David Talamas Cano <talamas@cs.utexas.edu>
Date:   Thu Apr 21 21:19:49 2016 -0500

    getting data correctly from api

commit ffce175438366582142449ccb1352875fef154bf
Author: getzchris <getzchris@ymail.com>
Date:   Thu Apr 21 21:17:29 2016 -0500

    extended jsons

commit c4035ce40039fc9172ae931565d5ce480857abfc
Author: Adolfo <muller.adolfo@gmail.com>
Date:   Thu Apr 21 21:04:02 2016 -0500

    changed engines.html

commit 0600ebc2054a6f08c520e16e4be3ce44bf0eee0b
Merge: d75b6c6 6af0ed3
Author: Adolfo <muller.adolfo@gmail.com>
Date:   Thu Apr 21 20:54:25 2016 -0500

    Merge branch 'project3dev' of https://github.com/talamas/cs373-idb into project3dev

commit 6af0ed3768d2ee9c9ff6fa3d047df5cf70599c57
Author: Samuely94 <samuel@wireless-10-147-97-206.public.utexas.edu>
Date:   Thu Apr 21 20:54:16 2016 -0500

    fixed typo

commit d75b6c6bc5409f92af7860ebe310a5a9f58a12ad
Author: Adolfo <muller.adolfo@gmail.com>
Date:   Thu Apr 21 20:54:12 2016 -0500

    changed to search

commit 83f24a9a5a0f968d2250e9e4937cbc8b77482bd0
Author: Lincoln Turner <lincoln.turner@utexas.edu>
Date:   Thu Apr 21 20:42:36 2016 -0500

    wrote unit tests for engine model

commit dcab8540537cd41d58ef2bd38a755589eb3b9f93
Merge: cde63ff 98dde24
Author: Samuely94 <samuel@wireless-10-147-97-206.public.utexas.edu>
Date:   Thu Apr 21 20:37:20 2016 -0500

    Merge branch 'project3dev' of https://github.com/talamas/cs373-idb into project3dev

commit cde63ff24e99f5f79325b375e348d4f53b0a097e
Author: Samuely94 <samuel@wireless-10-147-97-206.public.utexas.edu>
Date:   Thu Apr 21 20:37:12 2016 -0500

    took id out of engines table

commit 98dde249f176b64c875fff6a0a0a8c4a1a4dea03
Author: Adolfo <muller.adolfo@gmail.com>
Date:   Thu Apr 21 20:36:15 2016 -0500

    added pagination on search

commit c9abdc0180a48140755f2a7870108de77c66223d
Merge: 8e7e4ec 6538dc0
Author: Adolfo <muller.adolfo@gmail.com>
Date:   Thu Apr 21 20:26:14 2016 -0500

    Merge branch 'project3dev' of https://github.com/talamas/cs373-idb into project3dev

commit 8e7e4ec4034acc15dd7c72c8ee2536e4fc8d39a0
Merge: 66561e5 27b31a4
Author: Adolfo <muller.adolfo@gmail.com>
Date:   Thu Apr 21 20:25:33 2016 -0500

    changed highlighted idnexes in search

commit 6538dc0cd23b4121f3bc2927c5657fd50f47a5d9
Merge: 6c89ece 4aab4b5
Author: Samuely94 <samuel@wireless-10-147-97-206.public.utexas.edu>
Date:   Thu Apr 21 20:21:18 2016 -0500

    Merge branch 'project3dev' of https://github.com/talamas/cs373-idb into project3dev

commit 6c89ece77884b9e4fe05f9fe8324490dcd2938ad
Author: Samuely94 <samuel@wireless-10-147-97-206.public.utexas.edu>
Date:   Thu Apr 21 20:21:01 2016 -0500

    fixed some grammar errors

commit 4aab4b546acec36ba5a19a215ed5b2fb264673e4
Author: Lincoln Turner <lincoln.turner@utexas.edu>
Date:   Thu Apr 21 20:20:35 2016 -0500

    added engine API calls

commit 66561e543d261bf09bf8a518c0f501c0f0055ae3
Author: Adolfo <muller.adolfo@gmail.com>
Date:   Thu Apr 21 20:15:42 2016 -0500

    highlight searched terms

commit 27b31a49ae88a9392b4343f3ac2631cb036b2c9c
Author: Lincoln Turner <lincoln.turner@utexas.edu>
Date:   Thu Apr 21 20:00:05 2016 -0500

    updated search to return results in reasonable range when a number is searched

commit e0463d0455bad643bcda7286ca5e5293675e210b
Merge: a35d817 8d67a3f
Author: Lincoln Turner <lincoln.turner@utexas.edu>
Date:   Thu Apr 21 19:41:06 2016 -0500

    Merge branch 'project3dev' of https://github.com/talamas/cs373-idb into project3dev

commit a35d817bdf0e251c4b04acb44f8e89cbb1ec52f4
Author: Lincoln Turner <lincoln.turner@utexas.edu>
Date:   Thu Apr 21 19:40:43 2016 -0500

    fixed duplicate matches in search results

commit 8d67a3f5db8b1a067df8b5b96f54ec31924e33cc
Author: getzchris <getzchris@ymail.com>
Date:   Thu Apr 21 19:39:58 2016 -0500

    fixed json files. Engines now added

commit 9334df790b8afdaab64504a078f07a0ce2de9b5b
Author: Samuely94 <samuel@wireless-10-147-97-206.public.utexas.edu>
Date:   Thu Apr 21 19:22:20 2016 -0500

    got rid of search id

commit fda85e10c1b841c4a8e37d892d9eeea286f3c594
Author: Samuely94 <samuel@wireless-10-147-97-206.public.utexas.edu>
Date:   Thu Apr 21 19:19:24 2016 -0500

    got rid of id

commit bdea1ab32afa43a0815ea97882382e69b4d3c1b9
Merge: b711f18 ecefd65
Author: getzchris <getzchris@ymail.com>
Date:   Thu Apr 21 19:00:13 2016 -0500

    Merge branch 'project3dev' of https://github.com/talamas/cs373-idb into project3dev

commit b711f1838eefd1a25cb1b285c85f3a793cc62141
Author: getzchris <getzchris@ymail.com>
Date:   Thu Apr 21 19:00:04 2016 -0500

    progress on new model. Still some issues linking all models together

commit ecefd65a9f1814f3e2e4a270cd0506ba3541b6b6
Author: Lincoln Turner <lincoln.turner@utexas.edu>
Date:   Thu Apr 21 18:59:24 2016 -0500

    marked which terms to highlight in search results

commit d3e14947668b2b87b192a4fb756df2a3b819d2a4
Author: David Talamas Cano <talamas@cs.utexas.edu>
Date:   Thu Apr 21 18:53:22 2016 -0500

    search UI working

commit 1cde8700cb8dfe02a4564d3dabd831d01d6e69b7
Author: Samuely94 <samuel@wireless-10-147-97-206.public.utexas.edu>
Date:   Thu Apr 21 18:45:57 2016 -0500

    fixed front page

commit 75084d8083c682021068e137a2ecc99c1711a118
Author: Adolfo <muller.adolfo@gmail.com>
Date:   Thu Apr 21 17:09:08 2016 -0500

     changed search html

commit 48b3145775a9c9ec9b543cd8d772aa763c5a7446
Author: Adolfo <muller.adolfo@gmail.com>
Date:   Thu Apr 21 16:34:35 2016 -0500

    made the search result tables

commit 0a0b6cefa0bafa93e079213fc044030afdcbf45c
Author: talamas <david.talamas@utexas.edu>
Date:   Thu Apr 21 15:51:12 2016 -0500

    query response passed to frontend

commit 9c8e91f12f7439e6f078c3f421e04c1db6255107
Author: Lincoln Turner <lincoln.turner@utexas.edu>
Date:   Thu Apr 21 15:13:48 2016 -0500

    added third model to database and made a template for engine unit tests

commit fe4fcc891751bc17be546c65cca264d4042d497c
Author: Lincoln Turner <lincoln.turner@utexas.edu>
Date:   Thu Apr 21 14:53:57 2016 -0500

    fixed issue with search function in python3 and updated home page text

commit 4cc0a5f9afa984375825ce3bda0ba33ef85ae8fd
Author: Adolfo <muller.adolfo@gmail.com>
Date:   Wed Apr 20 23:24:31 2016 -0500

    added search bar and search controller

commit 2bda32148ee75d2eb756c6de84100dc99b876856
Author: Lincoln Turner <lincoln.turner@utexas.edu>
Date:   Tue Apr 19 13:02:54 2016 -0500

    Sorted search results to be ordered with greatest number of matched terms first

commit c4acec3e883424a2af2f64ed0ef3e0f026ff40e2
Author: David Talamas Cano <talamas@cs.utexas.edu>
Date:   Mon Apr 18 22:24:57 2016 -0500

    adding linconl's file back

commit d1219819e8a692250c89f981e977cc2598eb0b6c
Merge: fcdce5d a500998
Author: David Talamas Cano <talamas@cs.utexas.edu>
Date:   Mon Apr 18 22:22:32 2016 -0500

    rename

commit fcdce5d7b1897acc2474764b9cc22c3a80b33361
Author: David Talamas Cano <talamas@cs.utexas.edu>
Date:   Mon Apr 18 22:14:14 2016 -0500

    added third model

commit a5009987d5313acc806c7f3048d2369f194deeba
Author: Lincoln Turner <lincoln.turner@utexas.edu>
Date:   Mon Apr 18 22:04:33 2016 -0500

    added basic search functionality for cars, manufacturers, and engines

commit 179de00c5816889293a5d56e62c42d6e641eae06
Author: Adolfo <muller.adolfo@gmail.com>
Date:   Mon Apr 18 21:50:06 2016 -0500

    changed app.js to fit engine controlers

commit 6cc201af9a2c906509a864e85c6b8ab535d5cbb7
Author: Adolfo <muller.adolfo@gmail.com>
Date:   Mon Apr 18 21:32:47 2016 -0500

    added related cars/manufacturer/engines to all htmls

commit 362cd11dc16c2e2cf4b15bd433f70e37fd4d4408
Merge: 42f5668 281c45d
Author: Adolfo <muller.adolfo@gmail.com>
Date:   Mon Apr 18 21:18:31 2016 -0500

    Merge branch 'project3dev' of https://github.com/talamas/cs373-idb into project3dev

commit 42f56689b251c6d358e06ab7d33e2ba7b4872e82
Author: Adolfo <muller.adolfo@gmail.com>
Date:   Mon Apr 18 21:18:17 2016 -0500

    added engine.html and enginesTable.html

commit 281c45da94a510780cc0f1e85fb1f25fa5b0293b
Author: getzchris <getzchris@ymail.com>
Date:   Mon Apr 18 21:17:23 2016 -0500

    sample engines list

commit 5e91693d0fba67470893ab89eba69e63f134aa66
Author: Lincoln Turner <lincoln.turner@utexas.edu>
Date:   Fri Apr 8 19:48:46 2016 -0500

    committing final changes for IDB2

commit 7bda88b35edc3e78d030d9c06296279b3bd9d2f0
Author: getzchris <getzchris@ymail.com>
Date:   Fri Apr 8 19:35:00 2016 -0500

    updated jsons

commit 7366518d0df229fd3765ce677f41ba2df293fa3e
Author: David Talamas Cano <talamas@cs.utexas.edu>
Date:   Fri Apr 8 19:18:55 2016 -0500

    increasing # of commits

commit 4ce1a04545ca9f0b47fad71c39bbdb09fef77d56
Author: Adolfo <muller.adolfo@gmail.com>
Date:   Fri Apr 8 19:13:38 2016 -0500

    added padding to home

commit efbce22a02cadd845ccdffda7425e8e080875f71
Merge: a434b0a c70da21
Author: Adolfo <muller.adolfo@gmail.com>
Date:   Fri Apr 8 19:11:09 2016 -0500

    Merge branch 'master' of https://github.com/talamas/cs373-idb

commit a434b0a260bc0a5e5c32dafca7664993b0475123
Author: Adolfo <muller.adolfo@gmail.com>
Date:   Fri Apr 8 19:11:02 2016 -0500

    changed home.html

commit c70da2149acea9611fabdaa943300d1de2fb4e9d
Author: Lincoln Turner <lincoln.turner@utexas.edu>
Date:   Fri Apr 8 18:59:36 2016 -0500

    updated about page with current statistics

commit bbbce17a4815280fe837329527a9f9093317bac6
Author: Adolfo <muller.adolfo@gmail.com>
Date:   Fri Apr 8 18:46:54 2016 -0500

    NOW fixed manfuacturers button

commit 0d7ead2bc21013c648e8de6d534e653bd958a85f
Author: Adolfo <muller.adolfo@gmail.com>
Date:   Fri Apr 8 18:44:37 2016 -0500

    fixed manufacteres button

commit 554830925c8c863195fec0c9c4ad22f5740aba76
Merge: e0740d7 7dcdf25
Author: Adolfo <muller.adolfo@gmail.com>
Date:   Fri Apr 8 18:33:26 2016 -0500

    Merge branch 'master' of https://github.com/talamas/cs373-idb

commit e0740d74d76854464a2be17c7eba606c0932ad8f
Author: Adolfo <muller.adolfo@gmail.com>
Date:   Fri Apr 8 18:32:04 2016 -0500

    can go model to model

commit 7dcdf25c1dec72e488db56535a0c92d4d2a61d6d
Author: GetzChris <getzchris@utexas.edu>
Date:   Fri Apr 8 17:28:44 2016 -0500

    Update makes_list.json

commit db6dd65124936214eabe072a93bc9f790b3ce4fd
Author: David Talamas Cano <talamas@cs.utexas.edu>
Date:   Fri Apr 8 17:16:07 2016 -0500

    working relation bw models

commit 475aa31ec2b2adcd9c0e51172616729bfafba5d4
Merge: 24dfd19 f7b9edc
Author: getzchris <getzchris@ymail.com>
Date:   Fri Apr 8 17:05:45 2016 -0500

    Merge branch 'master' of https://github.com/talamas/cs373-idb

commit 24dfd19e60c6164cb4e1c06dd57ae3cb1b988dd2
Author: getzchris <getzchris@ymail.com>
Date:   Fri Apr 8 17:05:25 2016 -0500

    updated scraper, fixed api calls

commit f7b9edcd6f4bbfc7e502684dc8e151ef85a26926
Author: Lincoln Turner <lincoln.turner@utexas.edu>
Date:   Fri Apr 8 16:44:45 2016 -0500

    cleaned up docker files

commit a6375332b5446879e22488ff809e929fa25c8a0f
Author: David Talamas <david.talamas@utexas.edu>
Date:   Fri Apr 8 16:34:55 2016 -0500

    Final api push?

commit 8a9cd6c9e717117c0dd6302be9da7f4316e23d0e
Merge: d7db00c 58f54a8
Author: Lincoln Turner <lincoln.turner@utexas.edu>
Date:   Fri Apr 8 16:12:09 2016 -0500

    Merge branch 'master' of https://github.com/talamas/cs373-idb

commit d7db00c713d3efb65ed5e26c7797319989b0007d
Author: Lincoln Turner <lincoln.turner@utexas.edu>
Date:   Fri Apr 8 16:12:01 2016 -0500

    Fixed a few errors

commit 58f54a83224c2c305f14ea5d48f8956efda80224
Author: David Talamas <david.talamas@utexas.edu>
Date:   Fri Apr 8 16:02:45 2016 -0500

    Working Apiary

commit 496bea21373ad9dab768164f437f68f9d93348b9
Merge: 8f8a711 c788017
Author: Lincoln Turner <lincoln.turner@utexas.edu>
Date:   Thu Apr 7 22:22:50 2016 -0500

    Merge branch 'master' of https://github.com/talamas/cs373-idb

commit 8f8a7112dd73c70bb786308c508b5245ee155cf9
Author: Lincoln Turner <lincoln.turner@utexas.edu>
Date:   Thu Apr 7 22:22:02 2016 -0500

    fixed errors in app.js

commit 59acea3426ebe564342e28e5695e22c15dbfa492
Merge: ff1db99 0f37258
Author: Lincoln Turner <lincoln.turner@utexas.edu>
Date:   Thu Apr 7 21:59:04 2016 -0500

    final commit

commit ff1db9974f9726880432ba37e6be5309e6cb66c7
Author: Lincoln Turner <lincoln.turner@utexas.edu>
Date:   Thu Apr 7 21:55:29 2016 -0500

    added git log

commit 0f37258bede0c15bfc2b03f6b069f97c9ad324ab
Author: Adolfo <muller.adolfo@gmail.com>
Date:   Thu Apr 7 21:54:57 2016 -0500

    app.js works

commit 846e4a6b4906e675df2e2b24ae2bc44c5f5764b8
Merge: 6ebab3b 0bc7e91
Author: Lincoln Turner <lincoln.turner@utexas.edu>
Date:   Thu Apr 7 21:46:57 2016 -0500

    Merge branch 'david2.0' of https://github.com/talamas/cs373-idb into david2.0

commit 6ebab3bb5b91911fb1c28af8ff50740f14485c68
Merge: 6aa0e90 7b36a59
Author: Lincoln Turner <lincoln.turner@utexas.edu>
Date:   Thu Apr 7 21:46:10 2016 -0500

    added unit test button to about.html

commit 0bc7e917b7a7f8a644989562b43ea37c866adb15
Author: Adolfo <muller.adolfo@gmail.com>
Date:   Thu Apr 7 21:39:36 2016 -0500

    added car.html

commit 6aa0e90702c2219ee6cab70722525057f6e128e2
Author: Lincoln Turner <lincoln.turner@utexas.edu>
Date:   Thu Apr 7 21:32:13 2016 -0500

    added unit test button to about page

commit 7b36a59d52b6f0616ce45ff3d82dccc317134b21
Merge: 3b1f4a5 651d51d
Author: Adolfo <muller.adolfo@gmail.com>
Date:   Thu Apr 7 21:30:46 2016 -0500

    changed app.js

commit 3b1f4a58bf16a1c68d339ee16ec00be4ad526a91
Author: Adolfo <muller.adolfo@gmail.com>
Date:   Thu Apr 7 21:23:16 2016 -0500

    partials of cars and man work

commit 651d51d7b48f84315695dd01164ea141748d48bb
Author: David Talamas Cano <talamas@cs.utexas.edu>
Date:   Thu Apr 7 21:07:22 2016 -0500

    merged front end w db

commit 9ef5b87941e318c96e27760b0d757bba183c79fc
Merge: a65c0f2 5fedb9e
Author: Adolfo <muller.adolfo@gmail.com>
Date:   Thu Apr 7 20:38:17 2016 -0500

    Merge branch 'david2.0' of https://github.com/talamas/cs373-idb into david2.0

commit a65c0f2bb2189d3a6bc8e4e2f8b58ad0689671c7
Author: Adolfo <muller.adolfo@gmail.com>
Date:   Thu Apr 7 20:37:59 2016 -0500

    changes to app.js

commit 5fedb9ea00172b5cf8fde37f46ba9a3fe8814562
Author: Samuely94 <samuel@wireless-10-147-101-177.public.utexas.edu>
Date:   Thu Apr 7 20:29:54 2016 -0500

    added unit test button in about page

commit 1424cb32ee3f3e9d961afaec3801645fbfe08617
Author: Lincoln Turner <lincoln.turner@utexas.edu>
Date:   Thu Apr 7 20:20:33 2016 -0500

    added API endpoint to run unit tests

commit 0fe6b819e36965cb2cad555e15b12cf568047369
Author: Lincoln Turner <lincoln.turner@utexas.edu>
Date:   Thu Apr 7 20:12:04 2016 -0500

    added dependency needed for unit tests

commit cdf17d525bce750dac4c69a4754114ce3a1d508b
Author: Lincoln Turner <lincoln.turner@utexas.edu>
Date:   Thu Apr 7 20:06:37 2016 -0500

    fixed some issues with models

commit fd313650f0b888c60c8bbcc84f3b7db8e1ab22a0
Author: Adolfo <muller.adolfo@gmail.com>
Date:   Thu Apr 7 20:02:32 2016 -0500

    fixed mantable

commit d3a7b090b87088fa63691e8067cb9f6201fff126
Merge: a8b7e46 dbc90c4
Author: Adolfo <muller.adolfo@gmail.com>
Date:   Thu Apr 7 19:57:19 2016 -0500

    Merge branch 'david2.0' of https://github.com/talamas/cs373-idb into david2.0

commit a8b7e467944a3fb76cdffd0e4b3ec8eb2c0fb212
Author: Adolfo <muller.adolfo@gmail.com>
Date:   Thu Apr 7 19:57:06 2016 -0500

    changed extra chars

commit dbc90c47d85a279b64bc7c406e0b06ec8f3df698
Author: GetzChris <getzchris@utexas.edu>
Date:   Thu Apr 7 19:56:23 2016 -0500

    Update makes_list.json

commit 433747b06953c141f721d18cfd80706f799af865
Author: GetzChris <getzchris@utexas.edu>
Date:   Thu Apr 7 19:55:29 2016 -0500

    Update makes_list.json

commit 7b23ed9270e7309918d8a61575adbe2522b6bb0f
Merge: 06eaae7 499d6e5
Author: Adolfo <muller.adolfo@gmail.com>
Date:   Thu Apr 7 19:52:46 2016 -0500

    added services to app.js

commit 06eaae7f01cc91dcc759b724b40262e985c5af0a
Author: Adolfo <muller.adolfo@gmail.com>
Date:   Thu Apr 7 19:51:35 2016 -0500

    Added services to app.js

commit 499d6e59703093cf07618742c602d8c365820fea
Author: Samuely94 <samuel@wireless-10-147-101-177.public.utexas.edu>
Date:   Thu Apr 7 19:44:05 2016 -0500

    fixed front end look

commit 02ef8b4fad7d0513599b84779f692b721751dc8a
Author: Adolfo <muller.adolfo@gmail.com>
Date:   Thu Apr 7 17:53:23 2016 -0500

    added manufacturer.html

commit e259a160100d2dbe48b8771d19d49f450ff87a7a
Author: Lincoln Turner <lincoln.turner@utexas.edu>
Date:   Thu Apr 7 17:25:20 2016 -0500

    added dependency to .travis.yml

commit 2e2c5c4b17efd6ddad4018810291e57b636714a5
Author: Lincoln Turner <lincoln.turner@utexas.edu>
Date:   Thu Apr 7 17:21:06 2016 -0500

    fixed issues with unit tests

commit 3effb30bfaff6835b55a31d323c4c9ad7f491b18
Author: Lincoln Turner <lincoln.turner@utexas.edu>
Date:   Thu Apr 7 16:11:41 2016 -0500

    Added dependencies to .travis.yml

commit 09d5b90aba0f91a5b37c41c27dc1e10b5dacf96d
Author: Lincoln Turner <lincoln.turner@utexas.edu>
Date:   Thu Apr 7 16:04:43 2016 -0500

    Wrote unit tests and configured makefile to fit project requirements, closes #27

commit 733267a53bcea796aa99c3c02f60135e7a9276e4
Merge: eb360ab 1a88cbc
Author: Lincoln Turner <lincoln.turner@utexas.edu>
Date:   Thu Apr 7 14:30:16 2016 -0500

    Merge branch 'david2.0' of https://github.com/talamas/cs373-idb into david2.0

commit eb360abc0ba4ce794641f3abb7214ab6ddbee278
Author: Lincoln Turner <lincoln.turner@utexas.edu>
Date:   Thu Apr 7 14:29:32 2016 -0500

    fixed issue with API endpoints

commit 1a88cbcae5263df90d89f2d21b2691e472131206
Author: Adolfo <muller.adolfo@gmail.com>
Date:   Thu Apr 7 13:59:08 2016 -0500

    made app.js pretty again

commit d7ca94bcbbf9545d1dc0ffc26a5b90fb08adc8dd
Merge: 3b17534 8d5c049
Author: Lincoln Turner <lincoln.turner@utexas.edu>
Date:   Thu Apr 7 13:01:09 2016 -0500

    Merge branch 'david2.0' of https://github.com/talamas/cs373-idb into david2.0
    
    .0
    
    t
    quit

commit 8d5c049f8298a0cda30406307fd52d2ecc15098d
Author: Lincoln Turner <lincoln.turner@utexas.edu>
Date:   Thu Apr 7 12:54:26 2016 -0500

    Added API endpoints

commit 0ecfa14017ad2d703ad9e281749aae4388133858
Author: David Talamas Cano <talamas@cs.utexas.edu>
Date:   Thu Apr 7 12:52:58 2016 -0500

    tables fully working

commit 29723b38661634f6c067e9e71168dee80f85c0b1
Author: David Talamas Cano <talamas@cs.utexas.edu>
Date:   Thu Apr 7 12:42:21 2016 -0500

    trying to pop stash

commit 75d405f45feadcb353c6474ae5aaa09d4fb41f16
Author: David Talamas Cano <talamas@cs.utexas.edu>
Date:   Thu Apr 7 12:07:04 2016 -0500

    tables working w pagination

commit f3bd219b9c143aa49ade36b82f6c043c812954b6
Author: David Talamas Cano <talamas@cs.utexas.edu>
Date:   Thu Apr 7 00:55:41 2016 -0500

    refactoring

commit 636f457db48c3408c7e59d272b01794f04b06777
Merge: 7be127f b948c82
Author: Adolfo <muller.adolfo@gmail.com>
Date:   Thu Apr 7 00:48:28 2016 -0500

    Merge branch 'database' of https://github.com/talamas/cs373-idb into database

commit 7be127fea7ab081858ff81f1f66fdba05658c0bd
Author: Adolfo <muller.adolfo@gmail.com>
Date:   Thu Apr 7 00:48:17 2016 -0500

    added partials/home.html

commit b948c82f124d4e392efb074281aa85eaf1a14ce9
Author: David Talamas Cano <talamas@cs.utexas.edu>
Date:   Thu Apr 7 00:48:05 2016 -0500

    added sorting functionality

commit 78d2699278b429b9e922e62c6eb31e4c16c8f63f
Author: David Talamas Cano <talamas@cs.utexas.edu>
Date:   Thu Apr 7 00:45:31 2016 -0500

    removed extra index.html file

commit 0766b113ab06c25cc4a7178331672259d144e4d5
Author: Adolfo <muller.adolfo@gmail.com>
Date:   Thu Apr 7 00:29:42 2016 -0500

    page is looking good

commit c788017374e0ca95cd01c2cb0de63d1ec93b3048
Author: David Talamas <david.talamas@utexas.edu>
Date:   Thu Apr 7 00:26:51 2016 -0500

    Updated the documentation for the API

commit 52d12b2c238f74b2f1f85252b698994b4d7f329a
Author: Adolfo <muller.adolfo@gmail.com>
Date:   Wed Apr 6 23:10:11 2016 -0500

    made the partials works

commit 0a42b4214032c5d6ec53bbafe9824c6dc0270ad3
Author: Adolfo <muller.adolfo@gmail.com>
Date:   Wed Apr 6 21:48:56 2016 -0500

    removed ng-app sorting

commit ea0d322744fecf2965439c83ec654cf2d75d6cf4
Author: Adolfo <muller.adolfo@gmail.com>
Date:   Wed Apr 6 21:22:32 2016 -0500

    added app.js to index

commit 6b15bb3f5ee41f2685acd83d768ddea9c057a1d1
Merge: fe63f87 be1a3b4
Author: Adolfo <muller.adolfo@gmail.com>
Date:   Wed Apr 6 21:03:52 2016 -0500

    adding partials to database

commit fe63f87bfe8e65055eef793b0c6c61c72714150f
Author: Adolfo <muller.adolfo@gmail.com>
Date:   Wed Apr 6 21:03:03 2016 -0500

    added angular-route.min.js

commit cb8cafd380af886357a4ba4ba50dad67fcd252e7
Author: Adolfo <muller.adolfo@gmail.com>
Date:   Wed Apr 6 21:02:34 2016 -0500

    added app.js and angular-route.min.js

commit 7c1147f975d9adb0ba9202708686808e9e9162ff
Author: Adolfo <muller.adolfo@gmail.com>
Date:   Wed Apr 6 21:01:31 2016 -0500

    added partials to databse branch

commit be1a3b4fd6844b057b2ab3c41f09e471cc4278df
Author: Lincoln Turner <lincoln.turner@utexas.edu>
Date:   Wed Apr 6 20:59:52 2016 -0500

    updating html files

commit 92322d1c1db59c58734b6af92043874c01c0069d
Author: Lincoln Turner <lincoln.turner@utexas.edu>
Date:   Wed Apr 6 20:44:29 2016 -0500

    models moved to app directory

commit a578615c42135be370235ba2bb6265e76966f40f
Merge: 9f9d8e3 c1e9b6f
Author: Lincoln Turner <lincoln.turner@utexas.edu>
Date:   Wed Apr 6 20:43:38 2016 -0500

    adding updated html files for testing

commit 9f9d8e3ffd094bdabccb5a4de13f473746907c98
Author: Lincoln Turner <lincoln.turner@utexas.edu>
Date:   Wed Apr 6 20:36:32 2016 -0500

    Fixed issues with models and setup_database files

commit 38b9e72c1e32a4c256ddfe9cb012a30a8d42e1ad
Author: getzchris <getzchris@ymail.com>
Date:   Wed Apr 6 00:06:11 2016 -0500

    refactored scraping script added

commit 0603fe57c204c4e468c65c68a9433c378d4c1dc3
Author: Lincoln Turner <lincoln.turner@utexas.edu>
Date:   Tue Apr 5 22:42:15 2016 -0500

    created files to add basic database functionality and changed some docker files

commit 89acccc583bb64aadeb49d2c74bb2ec702671430
Author: getzchris <getzchris@ymail.com>
Date:   Tue Apr 5 18:13:15 2016 -0500

    created json lists

commit 031ada7914589def7263f4fbb707ba78598c2c22
Author: getzchris <getzchris@ymail.com>
Date:   Mon Apr 4 17:41:09 2016 -0500

    starting mysql work

commit c1e9b6fef91a3d3b63c44545b9ca05cd97db8036
Author: Adolfo <muller.adolfo@gmail.com>
Date:   Sun Apr 3 22:16:08 2016 -0500

    changed it from scrollable to separate pages

commit c5d10807e854d8fb075883651d26265835edfd7b
Author: Adolfo <muller.adolfo@gmail.com>
Date:   Sun Apr 3 20:46:13 2016 -0500

    added partials folder and some files in it

commit 3b17534a28acec607f63de6b84e741c58d334f2e
Merge: de2b458 a86b083
Author: Lincoln Turner <lincoln.turner@utexas.edu>
Date:   Thu Mar 24 20:57:38 2016 -0500

    Merge branch 'dev'

commit a86b083227685174e1e1e1662e65db98767ab191
Author: Lincoln Turner <lincoln.turner@utexas.edu>
Date:   Thu Mar 24 20:56:29 2016 -0500

    final updates

commit de2b4583b09f85189c47aed477a3d56b00d4cf2f
Merge: 76cf553 378ebf4
Author: SamuelY94 <SamuelY94@utexas.edu>
Date:   Thu Mar 24 20:46:17 2016 -0500

    Merge branch 'dev'

commit 378ebf43be0a38b150009211c76a48cf3121995a
Author: Samuely94 <samuely94@utexas.edu>
Date:   Thu Mar 24 20:30:33 2016 -0500

    Update Stats

commit e648b382264a88706b61a57f2564c6dfbe253bab
Author: Adolfo <muller.adolfo@gmail.com>
Date:   Thu Mar 24 20:16:20 2016 -0500

    added David's Bio

commit d451efe0a8142a9ed97bc4875090577ce473f577
Author: Adolfo <muller.adolfo@gmail.com>
Date:   Thu Mar 24 20:09:44 2016 -0500

    changed models.html and added idb1.log

commit 25919b678126367acbc79c3c8dad7b8af5e5e1bb
Author: SamuelY94 <SamuelY94@utexas.edu>
Date:   Thu Mar 24 19:59:47 2016 -0500

    fix makefile

commit 12932ad50f031471a85cffe098d5e076d3f498b7
Author: SamuelY94 <SamuelY94@utexas.edu>
Date:   Thu Mar 24 19:56:59 2016 -0500

    fix makefile

commit 4203ab4f48150e5a2ee1cdac4310ba5edd378bf0
Author: SamuelY94 <SamuelY94@utexas.edu>
Date:   Thu Mar 24 19:54:04 2016 -0500

    added info for people

commit 58a8215f55985aa0c561e9ea0fe94c31951cf26f
Author: Adolfo <muller.adolfo@gmail.com>
Date:   Thu Mar 24 19:41:03 2016 -0500

    remove padding on the top page

commit 2816664811195a09aacdeabcbfb74caf53bc3260
Author: Adolfo <muller.adolfo@gmail.com>
Date:   Thu Mar 24 19:39:17 2016 -0500

    Added Adolfo's bio

commit 03b792bd7c43d71472abd206b1e26060ed855451
Author: GetzChris <getzchris@utexas.edu>
Date:   Thu Mar 24 19:14:48 2016 -0500

    Update tests.py

commit d0f6d9f9c275a02bfc284be9c12c785f790469b3
Merge: ceb83d7 e4ccc66
Author: Adolfo <muller.adolfo@gmail.com>
Date:   Thu Mar 24 19:12:28 2016 -0500

    Merge branch 'dev' of https://github.com/talamas/cs373-idb into dev

commit ceb83d78933972a175f6131de08c135f9c7710f0
Author: Adolfo <muller.adolfo@gmail.com>
Date:   Thu Mar 24 19:12:11 2016 -0500

    made the index smaller on both tables

commit e4ccc6611ec04ff0ff7fb50634d5f2552395a4a9
Author: Samuely94 <samuely94@utexas.edu>
Date:   Thu Mar 24 19:05:12 2016 -0500

    Update tests.py

commit f3f9a63feddb7889d4a267ddbff2dbded3cd063b
Merge: 9ae7c18 b3972ba
Author: Adolfo <muller.adolfo@gmail.com>
Date:   Thu Mar 24 19:02:01 2016 -0500

    Merge branch 'dev' of https://github.com/talamas/cs373-idb into dev

commit b3972badf9edec04bc5e782915bfb32fbeb633e5
Author: Amullerf1 <muller.adolfo@gmail.com>
Date:   Thu Mar 24 19:01:56 2016 -0500

    Update sorting.js

commit 9ae7c18a650f8325f1820845a998773c12c65cbb
Merge: f910a2c 4b45218
Author: Adolfo <muller.adolfo@gmail.com>
Date:   Thu Mar 24 18:58:29 2016 -0500

    Merge branch 'dev' of https://github.com/talamas/cs373-idb into dev

commit f910a2c9081389ad2ad7daed118363b01f4103b8
Author: Adolfo <muller.adolfo@gmail.com>
Date:   Thu Mar 24 18:58:25 2016 -0500

    added ID to car table

commit 4b45218297f00f3c847097198bc8a7bb11e74c5a
Author: Amullerf1 <muller.adolfo@gmail.com>
Date:   Thu Mar 24 18:58:01 2016 -0500

    Update sorting.js

commit 78f25f3e0874316195f30e8154ec95d315bcc843
Author: SamuelY94 <SamuelY94@utexas.edu>
Date:   Thu Mar 24 18:43:04 2016 -0500

    fix manufacturer table

commit 17eb80a10ac823bfae56483fd3f162924660dd55
Author: Adolfo <muller.adolfo@gmail.com>
Date:   Thu Mar 24 18:01:55 2016 -0500

    added a ferrari and a mclaren for related cars/manufacturers

commit 2f7022809145b7d5975c378f3944467e6edd2f49
Author: Amullerf1 <muller.adolfo@gmail.com>
Date:   Thu Mar 24 17:58:20 2016 -0500

    Update sorting.js

commit 06fe563a1c0be001e1cdddaa3bf54c0b7cbd729b
Author: Amullerf1 <muller.adolfo@gmail.com>
Date:   Thu Mar 24 17:47:00 2016 -0500

    Update sorting.js

commit 19ec07052d664d092c3967caf540a77646f86eec
Author: getzchris <getzchris@ymail.com>
Date:   Thu Mar 24 17:33:13 2016 -0500

    added python init files

commit c2cab3b0508727d9305fa472b09c47f80b6bf63b
Merge: ff5b558 4600b3c
Author: getzchris <getzchris@ymail.com>
Date:   Thu Mar 24 17:22:47 2016 -0500

    Merge branch 'dev'

commit ff5b5583860be4f349475747b973e1081f34babe
Author: getzchris <getzchris@ymail.com>
Date:   Thu Mar 24 17:22:27 2016 -0500

    created models init method

commit 4600b3c602c3297b4d104ec6827dbf122abd63d1
Author: Adolfo <muller.adolfo@gmail.com>
Date:   Thu Mar 24 17:16:31 2016 -0500

    added pictures for the bootstrap wiki

commit 7a63510267066910dea8971585b9a463d65d93af
Author: SamuelY94 <SamuelY94@utexas.edu>
Date:   Thu Mar 24 16:59:42 2016 -0500

    fix ferrari logo

commit 76cf55323f9b6db6ced622fb8252fe7c90c3f8e4
Author: talamas <david.talamas@utexas.edu>
Date:   Thu Mar 24 16:50:49 2016 -0500

    Added image for the technical manual

commit 4696ec2fc58dbf2e4e6eb932256ea4a39c5f21ef
Author: Adolfo <muller.adolfo@gmail.com>
Date:   Thu Mar 24 16:41:44 2016 -0500

    saved the js and css files into local directories

commit ea986afb09f1ee7ba7b03d66f8b079c970411610
Author: Adolfo <muller.adolfo@gmail.com>
Date:   Thu Mar 24 16:35:16 2016 -0500

    fixed the modal scroling and resize images

commit c8fbc60eb4737629169b6be1f6ebe7b2c08f8194
Author: David Talamas <david.talamas@utexas.edu>
Date:   Thu Mar 24 13:28:56 2016 -0500

    Mock server working + changed attributes. Closes #15

commit 291822f2734121c2c95ac0c8ae4c983468e88998
Author: David Talamas Cano <talamas@cs.utexas.edu>
Date:   Thu Mar 24 13:05:00 2016 -0500

    added sorting to tables using AngularJS

commit 5721531d1e34fcdbb028f3359d1640f0d1e99672
Author: Lincoln Turner <lincoln.turner@utexas.edu>
Date:   Thu Mar 24 07:08:17 2016 -0500

    updated docker files

commit bcfe7c6a18628d358d116ef0a52f53e993a54b80
Author: Samuely94 <samuel@wireless-10-147-114-110.public.utexas.edu>
Date:   Wed Mar 23 23:48:54 2016 -0500

    fixed lambo photo

commit 66d27f88d72b683c913f38567fd9eb19d49fb636
Merge: 91998d3 a5a0cf3
Author: Samuely94 <samuel@wireless-10-147-114-110.public.utexas.edu>
Date:   Wed Mar 23 23:39:37 2016 -0500

    Merge branch 'dev' of https://github.com/talamas/cs373-idb into dev

commit 91998d39554b2d40cfb3ac0e0330d279168371a1
Author: Samuely94 <samuel@wireless-10-147-114-110.public.utexas.edu>
Date:   Wed Mar 23 23:38:21 2016 -0500

    make page look nicer

commit a5a0cf39d362a78cfa5507fdc8b61a61ac333b82
Author: getzchris <getzchris@ymail.com>
Date:   Wed Mar 23 22:58:26 2016 -0500

    app correctly serves images

commit 77d6c4a111e1da779c4f645ed4cd25fb00d87766
Merge: cf94ddb 33215a2
Author: Lincoln Turner <lincoln.turner@utexas.edu>
Date:   Wed Mar 23 22:30:34 2016 -0500

    Merge branch 'dev' of https://github.com/talamas/cs373-idb into dev

commit cf94ddb37af80590ea1106512439eee06cdad9f0
Author: Lincoln Turner <lincoln.turner@utexas.edu>
Date:   Wed Mar 23 22:30:11 2016 -0500

    added dummy tests.py file and moved other files to main folder

commit 33215a243cea106db1bad2a936a4a8fe9bbe46aa
Author: Samuely94 <samuel@wireless-10-147-114-110.public.utexas.edu>
Date:   Wed Mar 23 22:15:04 2016 -0500

    addded team pics

commit 0d1fda05020add3024b78fc500a9c272ed99b5f5
Author: Lincoln Turner <lincoln.turner@utexas.edu>
Date:   Wed Mar 23 21:28:23 2016 -0500

    added .travis.yml

commit 03311db88817ff78d8ba90953f06817a557d5227
Author: Lincoln Turner <lincoln.turner@utexas.edu>
Date:   Wed Mar 23 20:31:50 2016 -0500

    Added support for building project with docker and hosting on carina, closes #7

commit 090d6a5d30ceea7e540682bb3dd13a99d6bf6964
Author: Adolfo <muller.adolfo@gmail.com>
Date:   Wed Mar 23 20:22:18 2016 -0500

    added related cars/manufacturers to the tables

commit 25ab7157c4d30acd1823ffede89e1f66c8eb1580
Author: getzchris <getzchris@ymail.com>
Date:   Wed Mar 23 18:12:31 2016 -0500

    Moved files to static directory

commit 3807fa951deee8c37a86d4cd81be6eb05a199a64
Merge: 801d36b 4d840f0
Author: getzchris <getzchris@ymail.com>
Date:   Wed Mar 23 16:39:18 2016 -0500

    Merge branch 'adolfo' into dev

commit 801d36b56be2998c423ddb0eb2a3b688166718b2
Merge: e3ff3bb 703fdc1
Author: getzchris <getzchris@ymail.com>
Date:   Wed Mar 23 14:55:20 2016 -0500

    "app serves static index.html page"

commit 703fdc19092957e3552bc2d42d6cb217a3a7bd9e
Author: getzchris <getzchris@ymail.com>
Date:   Wed Mar 23 14:50:04 2016 -0500

    app working, serves only static index page

commit 13205c03535ebc2029fc137d58066f079ad9bc60
Author: getzchris <getzchris@ymail.com>
Date:   Wed Mar 23 14:30:56 2016 -0500

    Split Modles and app into separate files

commit 4d840f037eb125020d53b0cc5a5aff7db00875c2
Author: Adolfo <muller.adolfo@gmail.com>
Date:   Tue Mar 22 21:33:21 2016 -0500

    changed the table to show more attributes

commit 2b1125fd624694fffa269d9c12da2e162c20035d
Author: Adolfo <muller.adolfo@gmail.com>
Date:   Tue Mar 22 21:18:50 2016 -0500

    fixed an issue with the car grid not being symetrical

commit 09a535e52337c9ec24124cf8ed15e46056b116e9
Author: Adolfo <muller.adolfo@gmail.com>
Date:   Tue Mar 22 20:48:26 2016 -0500

    added car table

commit e3ff3bba64b9d074697855ad781a6a1e670a7a0d
Author: David Talamas <david.talamas@utexas.edu>
Date:   Tue Mar 22 20:37:00 2016 -0500

    Transferring API Description file from Apiary.io. Initial API design

commit 902bbbc71f1624345ff32b257cd2076ee5801eeb
Author: Adolfo <muller.adolfo@gmail.com>
Date:   Tue Mar 22 19:53:49 2016 -0500

    changed the Cars Grid Section

commit 72ce49b15fd51ee4aacc50eba076b154e699eac0
Author: Samuely94 <samuel@wireless-10-147-16-49.public.utexas.edu>
Date:   Tue Mar 22 19:19:26 2016 -0500

    new background

commit 7713d3b198ecb634d0d0e86e3718fd77d0c666b5
Author: Samuely94 <samuel@wireless-10-147-16-49.public.utexas.edu>
Date:   Tue Mar 22 19:16:00 2016 -0500

    fix about page

commit f2fe45c3d9c106951ecde94d56f2cd0401301163
Author: Adolfo <muller.adolfo@gmail.com>
Date:   Tue Mar 22 19:12:16 2016 -0500

    added a new tempalte for the website and modified some of the info, especially the cars section

commit c77f8e0dec2444c9dd22c1b703e37c6a75093e42
Author: David Talamas <david.talamas@utexas.edu>
Date:   Tue Mar 22 17:51:10 2016 -0500

    Transferring API Description file from Apiary.io

commit 60297523d016902a71c8041a7177647f6dc315b0
Author: getzchris <getzchris@ymail.com>
Date:   Mon Mar 21 22:20:56 2016 -0500

    Created SQLAlchemy Models and some initial files
    closes #9
    closes #10

commit c3f075b66057ecbc42643c6bb5754619bda68340
Author: Samuely94 <samuely94@utexas.edu>
Date:   Mon Mar 21 18:30:14 2016 -0500

    Delete docker-compose.yml

commit 7795916e56c88ca3a2a900a4d0aaae19bf5da981
Author: Samuely94 <samuely94@utexas.edu>
Date:   Sun Mar 20 18:09:31 2016 -0500

    Another commit

commit aa99b85398bb903d65cd1654096e6f4cb9b4399c
Author: Samuely94 <samuel@samuel-mbp.local>
Date:   Sun Mar 20 17:40:01 2016 -0500

    first commit
